Release 14.7 - xst P.20131013 (nt64)
Copyright (c) 1995-2013 Xilinx, Inc.  All rights reserved.
--> Parameter TMPDIR set to xst/projnav.tmp


Total REAL time to Xst completion: 0.00 secs
Total CPU time to Xst completion: 0.14 secs
 
--> Parameter xsthdpdir set to xst


Total REAL time to Xst completion: 0.00 secs
Total CPU time to Xst completion: 0.14 secs
 
--> Reading design: addingCPU.prj

TABLE OF CONTENTS
  1) Synthesis Options Summary
  2) HDL Compilation
  3) Design Hierarchy Analysis
  4) HDL Analysis
  5) HDL Synthesis
     5.1) HDL Synthesis Report
  6) Advanced HDL Synthesis
     6.1) Advanced HDL Synthesis Report
  7) Low Level Synthesis
  8) Partition Report
  9) Final Report
	9.1) Device utilization summary
	9.2) Partition Resource Summary
	9.3) TIMING REPORT


=========================================================================
*                      Synthesis Options Summary                        *
=========================================================================
---- Source Parameters
Input File Name                    : "addingCPU.prj"
Input Format                       : mixed
Ignore Synthesis Constraint File   : NO

---- Target Parameters
Output File Name                   : "addingCPU"
Output Format                      : NGC
Target Device                      : xc3s50-5-pq208

---- Source Options
Top Module Name                    : addingCPU
Automatic FSM Extraction           : YES
FSM Encoding Algorithm             : Auto
Safe Implementation                : No
FSM Style                          : LUT
RAM Extraction                     : Yes
RAM Style                          : Auto
ROM Extraction                     : Yes
Mux Style                          : Auto
Decoder Extraction                 : YES
Priority Encoder Extraction        : Yes
Shift Register Extraction          : YES
Logical Shifter Extraction         : YES
XOR Collapsing                     : YES
ROM Style                          : Auto
Mux Extraction                     : Yes
Resource Sharing                   : YES
Asynchronous To Synchronous        : NO
Multiplier Style                   : Auto
Automatic Register Balancing       : No

---- Target Options
Add IO Buffers                     : YES
Global Maximum Fanout              : 100000
Add Generic Clock Buffer(BUFG)     : 8
Register Duplication               : YES
Slice Packing                      : YES
Optimize Instantiated Primitives   : NO
Use Clock Enable                   : Yes
Use Synchronous Set                : Yes
Use Synchronous Reset              : Yes
Pack IO Registers into IOBs        : Auto
Equivalent register Removal        : YES

---- General Options
Optimization Goal                  : Speed
Optimization Effort                : 1
Keep Hierarchy                     : No
Netlist Hierarchy                  : As_Optimized
RTL Output                         : Yes
Global Optimization                : AllClockNets
Read Cores                         : YES
Write Timing Constraints           : NO
Cross Clock Analysis               : NO
Hierarchy Separator                : /
Bus Delimiter                      : <>
Case Specifier                     : Maintain
Slice Utilization Ratio            : 100
BRAM Utilization Ratio             : 100
Verilog 2001                       : YES
Auto BRAM Packing                  : NO
Slice Utilization Ratio Delta      : 5

=========================================================================


=========================================================================
*                          HDL Compilation                              *
=========================================================================
Compiling vhdl file "E:/Academic/VHDL projects/basic_CPU/utilities1.vhd" in Library work.
Architecture utilities1 of Entity utilities1 is up to date.
Compiling vhdl file "E:/Academic/VHDL projects/basic_CPU/IR.vhd" in Library work.
Architecture procedural of Entity ir is up to date.
Compiling vhdl file "E:/Academic/VHDL projects/basic_CPU/PC.vhd" in Library work.
Architecture procedural of Entity pc is up to date.
Compiling vhdl file "E:/Academic/VHDL projects/basic_CPU/AC.vhd" in Library work.
Architecture procedural of Entity ac is up to date.
Compiling vhdl file "E:/Academic/VHDL projects/basic_CPU/ALU.vhd" in Library work.
Architecture functional of Entity alu is up to date.
Compiling vhdl file "E:/Academic/VHDL projects/basic_CPU/controller.vhd" in Library work.
Architecture procedural of Entity controller is up to date.
Compiling vhdl file "E:/Academic/VHDL projects/basic_CPU/datapath.vhd" in Library work.
Architecture structural of Entity datapath is up to date.
Compiling vhdl file "E:/Academic/VHDL projects/basic_CPU/addingCPU.vhd" in Library work.
Architecture structural of Entity addingcpu is up to date.

=========================================================================
*                     Design Hierarchy Analysis                         *
=========================================================================
Analyzing hierarchy for entity <addingCPU> in library <work> (architecture <structural>).

Analyzing hierarchy for entity <controller> in library <work> (architecture <Procedural>).

Analyzing hierarchy for entity <datapath> in library <work> (architecture <structural>).

Analyzing hierarchy for entity <IR> in library <work> (architecture <Procedural>).

Analyzing hierarchy for entity <PC> in library <work> (architecture <Procedural>).

Analyzing hierarchy for entity <AC> in library <work> (architecture <Procedural>).

Analyzing hierarchy for entity <ALU> in library <work> (architecture <Functional>).


=========================================================================
*                            HDL Analysis                               *
=========================================================================
Analyzing Entity <addingCPU> in library <work> (Architecture <structural>).
Entity <addingCPU> analyzed. Unit <addingCPU> generated.

Analyzing Entity <controller> in library <work> (Architecture <Procedural>).
INFO:Xst:1561 - "E:/Academic/VHDL projects/basic_CPU/controller.vhd" line 80: Mux is complete : default of case is discarded
WARNING:Xst:819 - "E:/Academic/VHDL projects/basic_CPU/controller.vhd" line 31: One or more signals are missing in the process sensitivity list. To enable synthesis of FPGA/CPLD hardware, XST will assume that all necessary signals are present in the sensitivity list. Please note that the result of the synthesis may differ from the initial design specification. The missing signals are:
   <op_code>
INFO:Xst:2679 - Register <ld_ac> in unit <controller> has a constant value of 1 during circuit operation. The register is replaced by logic.
INFO:Xst:2679 - Register <pass> in unit <controller> has a constant value of 1 during circuit operation. The register is replaced by logic.
INFO:Xst:2679 - Register <ld_pc> in unit <controller> has a constant value of 1 during circuit operation. The register is replaced by logic.
Entity <controller> analyzed. Unit <controller> generated.

Analyzing Entity <datapath> in library <work> (Architecture <structural>).
Entity <datapath> analyzed. Unit <datapath> generated.

Analyzing Entity <IR> in library <work> (Architecture <Procedural>).
Entity <IR> analyzed. Unit <IR> generated.

Analyzing Entity <PC> in library <work> (Architecture <Procedural>).
Entity <PC> analyzed. Unit <PC> generated.

Analyzing Entity <AC> in library <work> (Architecture <Procedural>).
Entity <AC> analyzed. Unit <AC> generated.

Analyzing Entity <ALU> in library <work> (Architecture <Functional>).
Entity <ALU> analyzed. Unit <ALU> generated.


=========================================================================
*                           HDL Synthesis                               *
=========================================================================

Performing bidirectional port resolution...

Synthesizing Unit <controller>.
    Related source file is "E:/Academic/VHDL projects/basic_CPU/controller.vhd".
    Found finite state machine <FSM_0> for signal <present_state>.
    -----------------------------------------------------------------------
    | States             | 4                                              |
    | Transitions        | 4                                              |
    | Inputs             | 0                                              |
    | Outputs            | 3                                              |
    | Clock              | clk                       (rising_edge)        |
    | Reset              | rst                       (positive)           |
    | Reset type         | synchronous                                    |
    | Reset State        | reset                                          |
    | Power Up State     | reset                                          |
    | Encoding           | automatic                                      |
    | Implementation     | LUT                                            |
    -----------------------------------------------------------------------
    Summary:
	inferred   1 Finite State Machine(s).
Unit <controller> synthesized.


Synthesizing Unit <IR>.
    Related source file is "E:/Academic/VHDL projects/basic_CPU/IR.vhd".
    Found 8-bit register for signal <data_out>.
    Summary:
	inferred   8 D-type flip-flop(s).
Unit <IR> synthesized.


Synthesizing Unit <PC>.
    Related source file is "E:/Academic/VHDL projects/basic_CPU/PC.vhd".
    Found 6-bit register for signal <pc>.
    Found 6-bit adder for signal <tmp$addsub0000> created at line 28.
    Found 6-bit adder for signal <tmp$addsub0001> created at line 28.
    Found 6-bit adder for signal <tmp$addsub0002> created at line 28.
    Found 6-bit adder for signal <tmp$addsub0003> created at line 28.
    Found 6-bit adder for signal <tmp$addsub0004> created at line 28.
    Found 32-bit adder for signal <tmpi$add0001>.
    Found 32-bit adder for signal <tmpi$add0002>.
    Found 32-bit adder for signal <tmpi$add0003>.
    Found 32-bit adder for signal <tmpi$add0004>.
    Found 32-bit adder for signal <tmpi$add0005>.
    Found 32-bit adder for signal <tmpi$addsub0000>.
    Found 32-bit adder for signal <tmpi$addsub0001>.
    Found 32-bit adder for signal <tmpi$addsub0002>.
    Found 32-bit adder for signal <tmpi$addsub0003>.
    Found 32-bit adder for signal <tmpi$addsub0004>.
    Found 6-bit adder carry out for signal <tmpi$addsub0005> created at line 24.
    Summary:
	inferred   6 D-type flip-flop(s).
	inferred  16 Adder/Subtractor(s).
Unit <PC> synthesized.


Synthesizing Unit <AC>.
    Related source file is "E:/Academic/VHDL projects/basic_CPU/AC.vhd".
    Found 8-bit register for signal <data_out>.
    Summary:
	inferred   8 D-type flip-flop(s).
Unit <AC> synthesized.


Synthesizing Unit <ALU>.
    Related source file is "E:/Academic/VHDL projects/basic_CPU/ALU.vhd".
    Found 8-bit adder for signal <tmp$addsub0000> created at line 28.
    Found 8-bit adder for signal <tmp$addsub0001> created at line 28.
    Found 8-bit adder for signal <tmp$addsub0002> created at line 28.
    Found 8-bit adder for signal <tmp$addsub0003> created at line 28.
    Found 8-bit adder for signal <tmp$addsub0004> created at line 28.
    Found 8-bit adder for signal <tmp$addsub0005> created at line 28.
    Found 8-bit adder for signal <tmp$addsub0006> created at line 28.
    Found 8-bit adder for signal <tmp0$addsub0000> created at line 28.
    Found 8-bit adder for signal <tmp0$addsub0001> created at line 28.
    Found 8-bit adder for signal <tmp0$addsub0002> created at line 28.
    Found 8-bit adder for signal <tmp0$addsub0003> created at line 28.
    Found 8-bit adder for signal <tmp0$addsub0004> created at line 28.
    Found 8-bit adder for signal <tmp0$addsub0005> created at line 28.
    Found 8-bit adder for signal <tmp0$addsub0006> created at line 28.
    Found 32-bit adder for signal <tmpi$add0001>.
    Found 32-bit adder for signal <tmpi$add0002>.
    Found 32-bit adder for signal <tmpi$add0003>.
    Found 32-bit adder for signal <tmpi$add0004>.
    Found 32-bit adder for signal <tmpi$add0005>.
    Found 32-bit adder for signal <tmpi$add0006>.
    Found 32-bit adder for signal <tmpi$add0007>.
    Found 32-bit adder for signal <tmpi$addsub0000>.
    Found 32-bit adder for signal <tmpi$addsub0001>.
    Found 32-bit adder for signal <tmpi$addsub0002>.
    Found 32-bit adder for signal <tmpi$addsub0003>.
    Found 32-bit adder for signal <tmpi$addsub0004>.
    Found 32-bit adder for signal <tmpi$addsub0005>.
    Found 32-bit adder for signal <tmpi$addsub0006>.
    Found 8-bit adder carry out for signal <tmpi$addsub0007> created at line 19.
    Summary:
	inferred  29 Adder/Subtractor(s).
Unit <ALU> synthesized.


Synthesizing Unit <datapath>.
    Related source file is "E:/Academic/VHDL projects/basic_CPU/datapath.vhd".
    Found 8-bit tristate buffer for signal <data_bus_out>.
    Found 6-bit tristate buffer for signal <adr_bus>.
    Found 8-bit tristate buffer for signal <dbus>.
    Summary:
	inferred  36 Tristate(s).
Unit <datapath> synthesized.


Synthesizing Unit <addingCPU>.
    Related source file is "E:/Academic/VHDL projects/basic_CPU/addingCPU.vhd".
Unit <addingCPU> synthesized.


=========================================================================
HDL Synthesis Report

Macro Statistics
# Adders/Subtractors                                   : 45
 32-bit adder                                          : 24
 6-bit adder                                           : 5
 6-bit adder carry out                                 : 1
 8-bit adder                                           : 14
 8-bit adder carry out                                 : 1
# Registers                                            : 3
 6-bit register                                        : 1
 8-bit register                                        : 2
# Tristates                                            : 5
 6-bit tristate buffer                                 : 2
 8-bit tristate buffer                                 : 3

=========================================================================

=========================================================================
*                       Advanced HDL Synthesis                          *
=========================================================================

Analyzing FSM <FSM_0> for best encoding.
Optimizing FSM <CU/present_state/FSM> on signal <present_state[1:4]> with one-hot encoding.
---------------------
 State   | Encoding
---------------------
 reset   | 0001
 fetch   | 0010
 decode  | 0100
 execute | 1000
---------------------

=========================================================================
Advanced HDL Synthesis Report

Macro Statistics
# FSMs                                                 : 1
# Adders/Subtractors                                   : 21
 6-bit adder                                           : 5
 6-bit adder carry out                                 : 1
 8-bit adder                                           : 14
 8-bit adder carry out                                 : 1
# Registers                                            : 22
 Flip-Flops                                            : 22

=========================================================================

=========================================================================
*                         Low Level Synthesis                           *
=========================================================================
WARNING:Xst:2040 - Unit addingCPU: 14 multi-source signals are replaced by logic (pull-up yes): DP/dbus<0>, DP/dbus<1>, DP/dbus<2>, DP/dbus<3>, DP/dbus<4>, DP/dbus<5>, DP/dbus<6>, DP/dbus<7>, adr_bus<0>_MLTSRCEDGE, adr_bus<1>_MLTSRCEDGE, adr_bus<2>_MLTSRCEDGE, adr_bus<3>_MLTSRCEDGE, adr_bus<4>_MLTSRCEDGE, adr_bus<5>_MLTSRCEDGE.

Optimizing unit <addingCPU> ...

Optimizing unit <controller> ...

Optimizing unit <IR> ...

Optimizing unit <PC> ...

Optimizing unit <AC> ...

Optimizing unit <ALU> ...

Mapping all equations...
Building and optimizing final netlist ...
Found area constraint ratio of 100 (+ 5) on block addingCPU, actual ratio is 2.
FlipFlop CU/present_state_FSM_FFd1 has been replicated 1 time(s)
FlipFlop CU/present_state_FSM_FFd3 has been replicated 1 time(s)

Final Macro Processing ...

=========================================================================
Final Register Report

Macro Statistics
# Registers                                            : 28
 Flip-Flops                                            : 28

=========================================================================

=========================================================================
*                           Partition Report                            *
=========================================================================

Partition Implementation Status
-------------------------------

  No Partitions were found in this design.

-------------------------------

=========================================================================
*                            Final Report                               *
=========================================================================
Final Results
RTL Top Level Output File Name     : addingCPU.ngr
Top Level Output File Name         : addingCPU
Output Format                      : NGC
Optimization Goal                  : Speed
Keep Hierarchy                     : No

Design Statistics
# IOs                              : 26

Cell Usage :
# BELS                             : 37
#      GND                         : 1
#      LUT2                        : 1
#      LUT3                        : 3
#      LUT4                        : 23
#      MUXF5                       : 8
#      VCC                         : 1
# FlipFlops/Latches                : 28
#      FDE                         : 16
#      FDR                         : 3
#      FDRE                        : 6
#      FDRS                        : 2
#      FDS                         : 1
# Clock Buffers                    : 1
#      BUFGP                       : 1
# IO Buffers                       : 25
#      IBUF                        : 9
#      OBUF                        : 2
#      OBUFT                       : 14
=========================================================================

Device utilization summary:
---------------------------

Selected Device : 3s50pq208-5 

 Number of Slices:                       20  out of    768     2%  
 Number of Slice Flip Flops:             28  out of   1536     1%  
 Number of 4 input LUTs:                 27  out of   1536     1%  
 Number of IOs:                          26
 Number of bonded IOBs:                  26  out of    124    20%  
 Number of GCLKs:                         1  out of      8    12%  

---------------------------
Partition Resource Summary:
---------------------------

  No Partitions were found in this design.

---------------------------


=========================================================================
TIMING REPORT

NOTE: THESE TIMING NUMBERS ARE ONLY A SYNTHESIS ESTIMATE.
      FOR ACCURATE TIMING INFORMATION PLEASE REFER TO THE TRACE REPORT
      GENERATED AFTER PLACE-and-ROUTE.

Clock Information:
------------------
-----------------------------------+------------------------+-------+
Clock Signal                       | Clock buffer(FF name)  | Load  |
-----------------------------------+------------------------+-------+
clk                                | BUFGP                  | 28    |
-----------------------------------+------------------------+-------+

Asynchronous Control Signals Information:
----------------------------------------
No asynchronous control signals found in this design

Timing Summary:
---------------
Speed Grade: -5

   Minimum period: 3.292ns (Maximum Frequency: 303.725MHz)
   Minimum input arrival time before clock: 2.488ns
   Maximum output required time after clock: 9.611ns
   Maximum combinational path delay: 7.992ns

Timing Detail:
--------------
All values displayed in nanoseconds (ns)

=========================================================================
Timing constraint: Default period analysis for Clock 'clk'
  Clock period: 3.292ns (frequency: 303.725MHz)
  Total number of paths / destination ports: 139 / 43
-------------------------------------------------------------------------
Delay:               3.292ns (Levels of Logic = 2)
  Source:            CU/present_state_FSM_FFd3_1 (FF)
  Destination:       DP/IR/data_out_7 (FF)
  Source Clock:      clk rising
  Destination Clock: clk rising

  Data Path: CU/present_state_FSM_FFd3_1 to DP/IR/data_out_7
                                Gate     Net
    Cell:in->out      fanout   Delay   Delay  Logical Name (Net Name)
    ----------------------------------------  ------------
     FDRS:C->Q            24   0.626   1.697  CU/present_state_FSM_FFd3_1 (CU/present_state_FSM_FFd3_1)
     LUT4:I1->O            1   0.479   0.000  DP/dbus<7>LogicTrst1_F (N2)
     MUXF5:I0->O           3   0.314   0.000  DP/dbus<7>LogicTrst1 (DP/dbus<7>)
     FDE:D                     0.176          DP/IR/data_out_7
    ----------------------------------------
    Total                      3.292ns (1.595ns logic, 1.697ns route)
                                       (48.4% logic, 51.6% route)

=========================================================================
Timing constraint: Default OFFSET IN BEFORE for Clock 'clk'
  Total number of paths / destination ports: 38 / 22
-------------------------------------------------------------------------
Offset:              2.488ns (Levels of Logic = 3)
  Source:            data_bus_in<7> (PAD)
  Destination:       DP/IR/data_out_7 (FF)
  Destination Clock: clk rising

  Data Path: data_bus_in<7> to DP/IR/data_out_7
                                Gate     Net
    Cell:in->out      fanout   Delay   Delay  Logical Name (Net Name)
    ----------------------------------------  ------------
     IBUF:I->O             2   0.715   0.804  data_bus_in_7_IBUF (data_bus_in_7_IBUF)
     LUT4:I2->O            1   0.479   0.000  DP/dbus<7>LogicTrst1_F (N2)
     MUXF5:I0->O           3   0.314   0.000  DP/dbus<7>LogicTrst1 (DP/dbus<7>)
     FDE:D                     0.176          DP/IR/data_out_7
    ----------------------------------------
    Total                      2.488ns (1.684ns logic, 0.804ns route)
                                       (67.7% logic, 32.3% route)

=========================================================================
Timing constraint: Default OFFSET OUT AFTER for Clock 'clk'
  Total number of paths / destination ports: 135 / 16
-------------------------------------------------------------------------
Offset:              9.611ns (Levels of Logic = 3)
  Source:            CU/present_state_FSM_FFd1 (FF)
  Destination:       adr_bus<0> (PAD)
  Source Clock:      clk rising

  Data Path: CU/present_state_FSM_FFd1 to adr_bus<0>
                                Gate     Net
    Cell:in->out      fanout   Delay   Delay  Logical Name (Net Name)
    ----------------------------------------  ------------
     FDR:C->Q             13   0.626   1.290  CU/present_state_FSM_FFd1 (CU/present_state_FSM_FFd1)
     LUT2:I0->O            6   0.479   1.148  CU/ir_on_adr1 (ir_on_adr)
     LUT4:I0->O            1   0.479   0.681  adr_bus<0>_MLTSRCEDGELogicTrst1 (adr_bus<0>_MLTSRCEDGE)
     OBUFT:I->O                4.909          adr_bus_0_OBUFT (adr_bus<0>)
    ----------------------------------------
    Total                      9.611ns (6.493ns logic, 3.118ns route)
                                       (67.6% logic, 32.4% route)

=========================================================================
Timing constraint: Default path analysis
  Total number of paths / destination ports: 16 / 8
-------------------------------------------------------------------------
Delay:               7.992ns (Levels of Logic = 4)
  Source:            data_bus_in<7> (PAD)
  Destination:       data_bus_out<7> (PAD)

  Data Path: data_bus_in<7> to data_bus_out<7>
                                Gate     Net
    Cell:in->out      fanout   Delay   Delay  Logical Name (Net Name)
    ----------------------------------------  ------------
     IBUF:I->O             2   0.715   0.804  data_bus_in_7_IBUF (data_bus_in_7_IBUF)
     LUT4:I2->O            1   0.479   0.000  DP/dbus<7>LogicTrst1_F (N2)
     MUXF5:I0->O           3   0.314   0.771  DP/dbus<7>LogicTrst1 (DP/dbus<7>)
     OBUFT:I->O                4.909          data_bus_out_7_OBUFT (data_bus_out<7>)
    ----------------------------------------
    Total                      7.992ns (6.417ns logic, 1.575ns route)
                                       (80.3% logic, 19.7% route)

=========================================================================


Total REAL time to Xst completion: 5.00 secs
Total CPU time to Xst completion: 5.11 secs
 
--> 

Total memory usage is 259700 kilobytes

Number of errors   :    0 (   0 filtered)
Number of warnings :    2 (   0 filtered)
Number of infos    :    4 (   0 filtered)

