Release 14.7 - xst P.20131013 (nt64)
Copyright (c) 1995-2013 Xilinx, Inc.  All rights reserved.
--> Parameter TMPDIR set to xst/projnav.tmp


Total REAL time to Xst completion: 0.00 secs
Total CPU time to Xst completion: 0.13 secs
 
--> Parameter xsthdpdir set to xst


Total REAL time to Xst completion: 0.00 secs
Total CPU time to Xst completion: 0.13 secs
 
--> Reading design: datapath.prj

TABLE OF CONTENTS
  1) Synthesis Options Summary
  2) HDL Compilation
  3) Design Hierarchy Analysis
  4) HDL Analysis
  5) HDL Synthesis
     5.1) HDL Synthesis Report
  6) Advanced HDL Synthesis
     6.1) Advanced HDL Synthesis Report
  7) Low Level Synthesis
  8) Partition Report
  9) Final Report
	9.1) Device utilization summary
	9.2) Partition Resource Summary
	9.3) TIMING REPORT


=========================================================================
*                      Synthesis Options Summary                        *
=========================================================================
---- Source Parameters
Input File Name                    : "datapath.prj"
Input Format                       : mixed
Ignore Synthesis Constraint File   : NO

---- Target Parameters
Output File Name                   : "datapath"
Output Format                      : NGC
Target Device                      : xc3s50-4-pq208

---- Source Options
Top Module Name                    : datapath
Automatic FSM Extraction           : YES
FSM Encoding Algorithm             : Auto
Safe Implementation                : No
FSM Style                          : LUT
RAM Extraction                     : Yes
RAM Style                          : Auto
ROM Extraction                     : Yes
Mux Style                          : Auto
Decoder Extraction                 : YES
Priority Encoder Extraction        : Yes
Shift Register Extraction          : YES
Logical Shifter Extraction         : YES
XOR Collapsing                     : YES
ROM Style                          : Auto
Mux Extraction                     : Yes
Resource Sharing                   : YES
Asynchronous To Synchronous        : NO
Multiplier Style                   : Auto
Automatic Register Balancing       : No

---- Target Options
Add IO Buffers                     : YES
Global Maximum Fanout              : 100000
Add Generic Clock Buffer(BUFG)     : 8
Register Duplication               : YES
Slice Packing                      : YES
Optimize Instantiated Primitives   : NO
Use Clock Enable                   : Yes
Use Synchronous Set                : Yes
Use Synchronous Reset              : Yes
Pack IO Registers into IOBs        : Auto
Equivalent register Removal        : YES

---- General Options
Optimization Goal                  : Speed
Optimization Effort                : 1
Keep Hierarchy                     : No
Netlist Hierarchy                  : As_Optimized
RTL Output                         : Yes
Global Optimization                : AllClockNets
Read Cores                         : YES
Write Timing Constraints           : NO
Cross Clock Analysis               : NO
Hierarchy Separator                : /
Bus Delimiter                      : <>
Case Specifier                     : Maintain
Slice Utilization Ratio            : 100
BRAM Utilization Ratio             : 100
Verilog 2001                       : YES
Auto BRAM Packing                  : NO
Slice Utilization Ratio Delta      : 5

=========================================================================


=========================================================================
*                          HDL Compilation                              *
=========================================================================
Compiling vhdl file "E:/Academic/VHDL projects/basic_CPU/utilities1.vhd" in Library work.
Architecture utilities1 of Entity utilities1 is up to date.
Compiling vhdl file "E:/Academic/VHDL projects/basic_CPU/IR.vhd" in Library work.
Architecture procedural of Entity ir is up to date.
Compiling vhdl file "E:/Academic/VHDL projects/basic_CPU/PC.vhd" in Library work.
Architecture procedural of Entity pc is up to date.
Compiling vhdl file "E:/Academic/VHDL projects/basic_CPU/AC.vhd" in Library work.
Architecture procedural of Entity ac is up to date.
Compiling vhdl file "E:/Academic/VHDL projects/basic_CPU/ALU.vhd" in Library work.
Architecture functional of Entity alu is up to date.
Compiling vhdl file "E:/Academic/VHDL projects/basic_CPU/datapath.vhd" in Library work.
Entity <datapath> compiled.
Entity <datapath> (Architecture <structural>) compiled.

=========================================================================
*                     Design Hierarchy Analysis                         *
=========================================================================
Analyzing hierarchy for entity <datapath> in library <work> (architecture <structural>).

Analyzing hierarchy for entity <IR> in library <work> (architecture <Procedural>).

Analyzing hierarchy for entity <PC> in library <work> (architecture <Procedural>).

Analyzing hierarchy for entity <AC> in library <work> (architecture <Procedural>).

Analyzing hierarchy for entity <ALU> in library <work> (architecture <Functional>).


=========================================================================
*                            HDL Analysis                               *
=========================================================================
Analyzing Entity <datapath> in library <work> (Architecture <structural>).
Entity <datapath> analyzed. Unit <datapath> generated.

Analyzing Entity <IR> in library <work> (Architecture <Procedural>).
Entity <IR> analyzed. Unit <IR> generated.

Analyzing Entity <PC> in library <work> (Architecture <Procedural>).
Entity <PC> analyzed. Unit <PC> generated.

Analyzing Entity <AC> in library <work> (Architecture <Procedural>).
Entity <AC> analyzed. Unit <AC> generated.

Analyzing Entity <ALU> in library <work> (Architecture <Functional>).
Entity <ALU> analyzed. Unit <ALU> generated.


=========================================================================
*                           HDL Synthesis                               *
=========================================================================

Performing bidirectional port resolution...

Synthesizing Unit <IR>.
    Related source file is "E:/Academic/VHDL projects/basic_CPU/IR.vhd".
    Found 8-bit register for signal <data_out>.
    Summary:
	inferred   8 D-type flip-flop(s).
Unit <IR> synthesized.


Synthesizing Unit <PC>.
    Related source file is "E:/Academic/VHDL projects/basic_CPU/PC.vhd".
    Found 6-bit register for signal <pc>.
    Found 6-bit adder for signal <tmp$addsub0000> created at line 28.
    Found 6-bit adder for signal <tmp$addsub0001> created at line 28.
    Found 6-bit adder for signal <tmp$addsub0002> created at line 28.
    Found 6-bit adder for signal <tmp$addsub0003> created at line 28.
    Found 6-bit adder for signal <tmp$addsub0004> created at line 28.
    Found 32-bit adder for signal <tmpi$add0001>.
    Found 32-bit adder for signal <tmpi$add0002>.
    Found 32-bit adder for signal <tmpi$add0003>.
    Found 32-bit adder for signal <tmpi$add0004>.
    Found 32-bit adder for signal <tmpi$add0005>.
    Found 32-bit adder for signal <tmpi$addsub0000>.
    Found 32-bit adder for signal <tmpi$addsub0001>.
    Found 32-bit adder for signal <tmpi$addsub0002>.
    Found 32-bit adder for signal <tmpi$addsub0003>.
    Found 32-bit adder for signal <tmpi$addsub0004>.
    Found 6-bit adder carry out for signal <tmpi$addsub0005> created at line 24.
    Summary:
	inferred   6 D-type flip-flop(s).
	inferred  16 Adder/Subtractor(s).
Unit <PC> synthesized.


Synthesizing Unit <AC>.
    Related source file is "E:/Academic/VHDL projects/basic_CPU/AC.vhd".
    Found 8-bit register for signal <data_out>.
    Summary:
	inferred   8 D-type flip-flop(s).
Unit <AC> synthesized.


Synthesizing Unit <ALU>.
    Related source file is "E:/Academic/VHDL projects/basic_CPU/ALU.vhd".
    Found 8-bit adder for signal <tmp$addsub0000> created at line 28.
    Found 8-bit adder for signal <tmp$addsub0001> created at line 28.
    Found 8-bit adder for signal <tmp$addsub0002> created at line 28.
    Found 8-bit adder for signal <tmp$addsub0003> created at line 28.
    Found 8-bit adder for signal <tmp$addsub0004> created at line 28.
    Found 8-bit adder for signal <tmp$addsub0005> created at line 28.
    Found 8-bit adder for signal <tmp$addsub0006> created at line 28.
    Found 8-bit adder for signal <tmp0$addsub0000> created at line 28.
    Found 8-bit adder for signal <tmp0$addsub0001> created at line 28.
    Found 8-bit adder for signal <tmp0$addsub0002> created at line 28.
    Found 8-bit adder for signal <tmp0$addsub0003> created at line 28.
    Found 8-bit adder for signal <tmp0$addsub0004> created at line 28.
    Found 8-bit adder for signal <tmp0$addsub0005> created at line 28.
    Found 8-bit adder for signal <tmp0$addsub0006> created at line 28.
    Found 32-bit adder for signal <tmpi$add0001>.
    Found 32-bit adder for signal <tmpi$add0002>.
    Found 32-bit adder for signal <tmpi$add0003>.
    Found 32-bit adder for signal <tmpi$add0004>.
    Found 32-bit adder for signal <tmpi$add0005>.
    Found 32-bit adder for signal <tmpi$add0006>.
    Found 32-bit adder for signal <tmpi$add0007>.
    Found 32-bit adder for signal <tmpi$addsub0000>.
    Found 32-bit adder for signal <tmpi$addsub0001>.
    Found 32-bit adder for signal <tmpi$addsub0002>.
    Found 32-bit adder for signal <tmpi$addsub0003>.
    Found 32-bit adder for signal <tmpi$addsub0004>.
    Found 32-bit adder for signal <tmpi$addsub0005>.
    Found 32-bit adder for signal <tmpi$addsub0006>.
    Found 8-bit adder carry out for signal <tmpi$addsub0007> created at line 19.
    Summary:
	inferred  29 Adder/Subtractor(s).
Unit <ALU> synthesized.


Synthesizing Unit <datapath>.
    Related source file is "E:/Academic/VHDL projects/basic_CPU/datapath.vhd".
    Found 6-bit tristate buffer for signal <adr_bus>.
    Found 8-bit tristate buffer for signal <data_bus_out>.
    Found 8-bit tristate buffer for signal <dbus>.
    Summary:
	inferred  36 Tristate(s).
Unit <datapath> synthesized.


=========================================================================
HDL Synthesis Report

Macro Statistics
# Adders/Subtractors                                   : 45
 32-bit adder                                          : 24
 6-bit adder                                           : 5
 6-bit adder carry out                                 : 1
 8-bit adder                                           : 14
 8-bit adder carry out                                 : 1
# Registers                                            : 3
 6-bit register                                        : 1
 8-bit register                                        : 2
# Tristates                                            : 5
 6-bit tristate buffer                                 : 2
 8-bit tristate buffer                                 : 3

=========================================================================

=========================================================================
*                       Advanced HDL Synthesis                          *
=========================================================================


=========================================================================
Advanced HDL Synthesis Report

Macro Statistics
# Adders/Subtractors                                   : 21
 6-bit adder                                           : 5
 6-bit adder carry out                                 : 1
 8-bit adder                                           : 14
 8-bit adder carry out                                 : 1
# Registers                                            : 22
 Flip-Flops                                            : 22

=========================================================================

=========================================================================
*                         Low Level Synthesis                           *
=========================================================================
WARNING:Xst:2040 - Unit datapath: 14 multi-source signals are replaced by logic (pull-up yes): adr_bus<0>_MLTSRCEDGE, adr_bus<1>_MLTSRCEDGE, adr_bus<2>_MLTSRCEDGE, adr_bus<3>_MLTSRCEDGE, adr_bus<4>_MLTSRCEDGE, adr_bus<5>_MLTSRCEDGE, dbus<0>, dbus<1>, dbus<2>, dbus<3>, dbus<4>, dbus<5>, dbus<6>, dbus<7>.

Optimizing unit <datapath> ...

Optimizing unit <IR> ...

Optimizing unit <PC> ...

Optimizing unit <AC> ...

Optimizing unit <ALU> ...

Mapping all equations...
Building and optimizing final netlist ...
Found area constraint ratio of 100 (+ 5) on block datapath, actual ratio is 3.

Final Macro Processing ...

=========================================================================
Final Register Report

Macro Statistics
# Registers                                            : 22
 Flip-Flops                                            : 22

=========================================================================

=========================================================================
*                           Partition Report                            *
=========================================================================

Partition Implementation Status
-------------------------------

  No Partitions were found in this design.

-------------------------------

=========================================================================
*                            Final Report                               *
=========================================================================
Final Results
RTL Top Level Output File Name     : datapath.ngr
Top Level Output File Name         : datapath
Output Format                      : NGC
Optimization Goal                  : Speed
Keep Hierarchy                     : No

Design Statistics
# IOs                              : 37

Cell Usage :
# BELS                             : 96
#      GND                         : 1
#      INV                         : 1
#      LUT1                        : 2
#      LUT2                        : 8
#      LUT3                        : 16
#      LUT4                        : 35
#      LUT4_L                      : 1
#      MUXCY                       : 7
#      MUXF5                       : 17
#      XORCY                       : 8
# FlipFlops/Latches                : 22
#      FDE                         : 16
#      FDRE                        : 6
# Clock Buffers                    : 1
#      BUFGP                       : 1
# IO Buffers                       : 36
#      IBUF                        : 20
#      OBUF                        : 2
#      OBUFT                       : 14
=========================================================================

Device utilization summary:
---------------------------

Selected Device : 3s50pq208-4 

 Number of Slices:                       33  out of    768     4%  
 Number of Slice Flip Flops:             22  out of   1536     1%  
 Number of 4 input LUTs:                 63  out of   1536     4%  
 Number of IOs:                          37
 Number of bonded IOBs:                  37  out of    124    29%  
 Number of GCLKs:                         1  out of      8    12%  

---------------------------
Partition Resource Summary:
---------------------------

  No Partitions were found in this design.

---------------------------


=========================================================================
TIMING REPORT

NOTE: THESE TIMING NUMBERS ARE ONLY A SYNTHESIS ESTIMATE.
      FOR ACCURATE TIMING INFORMATION PLEASE REFER TO THE TRACE REPORT
      GENERATED AFTER PLACE-and-ROUTE.

Clock Information:
------------------
-----------------------------------+------------------------+-------+
Clock Signal                       | Clock buffer(FF name)  | Load  |
-----------------------------------+------------------------+-------+
clk                                | BUFGP                  | 22    |
-----------------------------------+------------------------+-------+

Asynchronous Control Signals Information:
----------------------------------------
No asynchronous control signals found in this design

Timing Summary:
---------------
Speed Grade: -4

   Minimum period: 5.856ns (Maximum Frequency: 170.765MHz)
   Minimum input arrival time before clock: 5.657ns
   Maximum output required time after clock: 12.204ns
   Maximum combinational path delay: 12.005ns

Timing Detail:
--------------
All values displayed in nanoseconds (ns)

=========================================================================
Timing constraint: Default period analysis for Clock 'clk'
  Clock period: 5.856ns (frequency: 170.765MHz)
  Total number of paths / destination ports: 254 / 22
-------------------------------------------------------------------------
Delay:               5.856ns (Levels of Logic = 10)
  Source:            AC/data_out_0 (FF)
  Destination:       IR/data_out_7 (FF)
  Source Clock:      clk rising
  Destination Clock: clk rising

  Data Path: AC/data_out_0 to IR/data_out_7
                                Gate     Net
    Cell:in->out      fanout   Delay   Delay  Logical Name (Net Name)
    ----------------------------------------  ------------
     FDE:C->Q              2   0.720   1.216  AC/data_out_0 (AC/data_out_0)
     LUT2:I0->O            1   0.551   0.000  ALU/Madd_tmpi_addsub0007_lut<0> (ALU/Madd_tmpi_addsub0007_lut<0>)
     MUXCY:S->O            1   0.500   0.000  ALU/Madd_tmpi_addsub0007_cy<0> (ALU/Madd_tmpi_addsub0007_cy<0>)
     MUXCY:CI->O           1   0.064   0.000  ALU/Madd_tmpi_addsub0007_cy<1> (ALU/Madd_tmpi_addsub0007_cy<1>)
     MUXCY:CI->O           1   0.064   0.000  ALU/Madd_tmpi_addsub0007_cy<2> (ALU/Madd_tmpi_addsub0007_cy<2>)
     MUXCY:CI->O           1   0.064   0.000  ALU/Madd_tmpi_addsub0007_cy<3> (ALU/Madd_tmpi_addsub0007_cy<3>)
     MUXCY:CI->O           1   0.064   0.000  ALU/Madd_tmpi_addsub0007_cy<4> (ALU/Madd_tmpi_addsub0007_cy<4>)
     MUXCY:CI->O           1   0.064   0.000  ALU/Madd_tmpi_addsub0007_cy<5> (ALU/Madd_tmpi_addsub0007_cy<5>)
     MUXCY:CI->O           0   0.064   0.000  ALU/Madd_tmpi_addsub0007_cy<6> (ALU/Madd_tmpi_addsub0007_cy<6>)
     XORCY:CI->O           1   0.904   0.827  ALU/Madd_tmpi_addsub0007_xor<7> (ALU/tmpi_addsub0007<7>)
     LUT4:I3->O            3   0.551   0.000  dbus<7>LogicTrst28 (dbus<7>)
     FDE:D                     0.203          IR/data_out_7
    ----------------------------------------
    Total                      5.856ns (3.813ns logic, 2.043ns route)
                                       (65.1% logic, 34.9% route)

=========================================================================
Timing constraint: Default OFFSET IN BEFORE for Clock 'clk'
  Total number of paths / destination ports: 262 / 50
-------------------------------------------------------------------------
Offset:              5.657ns (Levels of Logic = 4)
  Source:            data_on_dbus (PAD)
  Destination:       IR/data_out_7 (FF)
  Destination Clock: clk rising

  Data Path: data_on_dbus to IR/data_out_7
                                Gate     Net
    Cell:in->out      fanout   Delay   Delay  Logical Name (Net Name)
    ----------------------------------------  ------------
     IBUF:I->O            29   0.821   2.175  data_on_dbus_IBUF (data_on_dbus_IBUF)
     LUT4:I0->O            1   0.551   0.000  dbus<7>LogicTrst18_SW1_F (N31)
     MUXF5:I0->O           1   0.360   0.996  dbus<7>LogicTrst18_SW1 (N9)
     LUT4:I1->O            3   0.551   0.000  dbus<7>LogicTrst28 (dbus<7>)
     FDE:D                     0.203          IR/data_out_7
    ----------------------------------------
    Total                      5.657ns (2.486ns logic, 3.171ns route)
                                       (43.9% logic, 56.1% route)

=========================================================================
Timing constraint: Default OFFSET OUT AFTER for Clock 'clk'
  Total number of paths / destination ports: 125 / 16
-------------------------------------------------------------------------
Offset:              12.204ns (Levels of Logic = 11)
  Source:            AC/data_out_0 (FF)
  Destination:       data_bus_out<7> (PAD)
  Source Clock:      clk rising

  Data Path: AC/data_out_0 to data_bus_out<7>
                                Gate     Net
    Cell:in->out      fanout   Delay   Delay  Logical Name (Net Name)
    ----------------------------------------  ------------
     FDE:C->Q              2   0.720   1.216  AC/data_out_0 (AC/data_out_0)
     LUT2:I0->O            1   0.551   0.000  ALU/Madd_tmpi_addsub0007_lut<0> (ALU/Madd_tmpi_addsub0007_lut<0>)
     MUXCY:S->O            1   0.500   0.000  ALU/Madd_tmpi_addsub0007_cy<0> (ALU/Madd_tmpi_addsub0007_cy<0>)
     MUXCY:CI->O           1   0.064   0.000  ALU/Madd_tmpi_addsub0007_cy<1> (ALU/Madd_tmpi_addsub0007_cy<1>)
     MUXCY:CI->O           1   0.064   0.000  ALU/Madd_tmpi_addsub0007_cy<2> (ALU/Madd_tmpi_addsub0007_cy<2>)
     MUXCY:CI->O           1   0.064   0.000  ALU/Madd_tmpi_addsub0007_cy<3> (ALU/Madd_tmpi_addsub0007_cy<3>)
     MUXCY:CI->O           1   0.064   0.000  ALU/Madd_tmpi_addsub0007_cy<4> (ALU/Madd_tmpi_addsub0007_cy<4>)
     MUXCY:CI->O           1   0.064   0.000  ALU/Madd_tmpi_addsub0007_cy<5> (ALU/Madd_tmpi_addsub0007_cy<5>)
     MUXCY:CI->O           0   0.064   0.000  ALU/Madd_tmpi_addsub0007_cy<6> (ALU/Madd_tmpi_addsub0007_cy<6>)
     XORCY:CI->O           1   0.904   0.827  ALU/Madd_tmpi_addsub0007_xor<7> (ALU/tmpi_addsub0007<7>)
     LUT4:I3->O            3   0.551   0.907  dbus<7>LogicTrst28 (dbus<7>)
     OBUFT:I->O                5.644          data_bus_out_7_OBUFT (data_bus_out<7>)
    ----------------------------------------
    Total                     12.204ns (9.254ns logic, 2.950ns route)
                                       (75.8% logic, 24.2% route)

=========================================================================
Timing constraint: Default path analysis
  Total number of paths / destination ports: 142 / 14
-------------------------------------------------------------------------
Delay:               12.005ns (Levels of Logic = 5)
  Source:            data_on_dbus (PAD)
  Destination:       data_bus_out<7> (PAD)

  Data Path: data_on_dbus to data_bus_out<7>
                                Gate     Net
    Cell:in->out      fanout   Delay   Delay  Logical Name (Net Name)
    ----------------------------------------  ------------
     IBUF:I->O            29   0.821   2.175  data_on_dbus_IBUF (data_on_dbus_IBUF)
     LUT4:I0->O            1   0.551   0.000  dbus<7>LogicTrst18_SW1_F (N31)
     MUXF5:I0->O           1   0.360   0.996  dbus<7>LogicTrst18_SW1 (N9)
     LUT4:I1->O            3   0.551   0.907  dbus<7>LogicTrst28 (dbus<7>)
     OBUFT:I->O                5.644          data_bus_out_7_OBUFT (data_bus_out<7>)
    ----------------------------------------
    Total                     12.005ns (7.927ns logic, 4.078ns route)
                                       (66.0% logic, 34.0% route)

=========================================================================


Total REAL time to Xst completion: 6.00 secs
Total CPU time to Xst completion: 5.41 secs
 
--> 

Total memory usage is 259712 kilobytes

Number of errors   :    0 (   0 filtered)
Number of warnings :    1 (   0 filtered)
Number of infos    :    0 (   0 filtered)

