Release 14.7 Map P.20131013 (nt64)
Xilinx Mapping Report File for Design 'vonNeumannComputer'

Design Information
------------------
Command Line   : map -intstyle ise -p xc3s50-pq208-4 -cm area -ir off -pr off -c
100 -o vonNeumannComputer_map.ncd vonNeumannComputer.ngd vonNeumannComputer.pcf 
Target Device  : xc3s50
Target Package : pq208
Target Speed   : -4
Mapper Version : spartan3 -- $Revision: 1.55 $
Mapped Date    : Wed Jan 24 09:44:45 2018

Design Summary
--------------
Number of errors   :   2
Number of warnings :   0

Section 1 - Errors
------------------
ERROR:Map:116 - The design is empty.  No processing will be done.
ERROR:Map:52 - Problem encountered processing RPMs. 

Section 2 - Warnings
--------------------

Section 3 - Informational
-------------------------
